<?xml version="1.0" encoding="UTF-8"?>
<!-- Generated by org.testng.reporters.JUnitReportReporter -->
<testsuite hostname="LAPTOP-7VN3JM0R" failures="0" tests="2" name="CucumberTestRunner.TestRunner" time="9.687" errors="0" timestamp="2024-05-09T17:04:56 IST" skipped="0">
  <testcase classname="CucumberTestRunner.TestRunner" name="runScenario" time="8.572"/>
  <testcase classname="CucumberTestRunner.TestRunner" name="runScenario" time="1.115"/>
</testsuite> <!-- CucumberTestRunner.TestRunner -->
