<?xml version="1.0" encoding="UTF-8"?>
<!-- Generated by org.testng.reporters.JUnitReportReporter -->
<testsuite hostname="LAPTOP-7VN3JM0R" failures="0" tests="2" name="CucumberTestRunner.TestRunner" time="11.217" errors="0" timestamp="2024-05-08T22:33:38 IST" skipped="0">
  <testcase classname="CucumberTestRunner.TestRunner" name="runScenario" time="10.497"/>
  <testcase classname="CucumberTestRunner.TestRunner" name="runScenario" time="0.720"/>
</testsuite> <!-- CucumberTestRunner.TestRunner -->
