<?xml version="1.0" encoding="UTF-8"?>
<!-- Generated by org.testng.reporters.JUnitReportReporter -->
<testsuite hostname="LAPTOP-7VN3JM0R" failures="0" tests="1" name="CucumberTestRunner.TestRunner" time="9.335" errors="0" timestamp="2024-04-28T19:14:09 IST" skipped="0">
  <testcase classname="CucumberTestRunner.TestRunner" name="runScenario" time="9.335"/>
</testsuite> <!-- CucumberTestRunner.TestRunner -->
